LUI
JAL
ADDI
SW
SW
SW
SW
SW
SW
LUI
ADDI
ADDI
ADDI
ADDI
JAL
ADDI
SW
ADDI
BNE
SW
ADDI
BNE
SW
ADDI
BNE
SW
ADDI
BNE
SW
ADDI
BNE
SW
ADDI
BNE
SW
ADDI
BNE
SW
ADDI
BNE
SW
ADDI
BNE
SW
ADDI
BNE
JAL
ADDI
BEQ
ADDI
SW
ADDI
BNE
SW
ADDI
BNE
SW
ADDI
BNE
SW
ADDI
BNE
SW
ADDI
BNE
SW
ADDI
BNE
SW
ADDI
BNE
SW
ADDI
BNE
SW
ADDI
BNE
SW
ADDI
BNE
JAL
ADDI
BEQ
ADDI
SW
ADDI
BNE
SW
ADDI
BNE
SW
ADDI
BNE
SW
ADDI
BNE
SW
ADDI
BNE
SW
ADDI
BNE
SW
ADDI
BNE
SW
ADDI
BNE
SW
ADDI
BNE
SW
ADDI
BNE
JAL
ADDI
BEQ
ADDI
SW
ADDI
BNE
SW
ADDI
BNE
SW
ADDI
BNE
SW
ADDI
BNE
SW
ADDI
BNE
SW
ADDI
BNE
SW
ADDI
BNE
SW
ADDI
BNE
SW
ADDI
BNE
SW
ADDI
BNE
JAL
ADDI
BEQ
LUI
ADDI
SW
LUI
ADDI
ADDI
SW
SW
SW
SW
SW
LUI
ADDI
SW
LUI
LW
JAL
LUI
LW
XOR
ADDI
SW
JALR
ADDI
ADDI
ADDI
ADDI
SW
ADDI
ADDI
BNE
SW
ADDI
ADDI
BNE
SW
ADDI
ADDI
BNE
SW
ADDI
ADDI
BNE
SW
ADDI
ADDI
BNE
SW
ADDI
ADDI
BNE
SW
ADDI
ADDI
BNE
SW
ADDI
ADDI
BNE
SW
ADDI
ADDI
BNE
SW
ADDI
ADDI
BNE
ADDI
ADDI
BNE
ADDI
ADDI
SW
ADDI
ADDI
BNE
SW
ADDI
ADDI
BNE
SW
ADDI
ADDI
BNE
SW
ADDI
ADDI
BNE
SW
ADDI
ADDI
BNE
SW
ADDI
ADDI
BNE
SW
ADDI
ADDI
BNE
SW
ADDI
ADDI
BNE
SW
ADDI
ADDI
BNE
SW
ADDI
ADDI
BNE
ADDI
ADDI
BNE
ADDI
ADDI
SW
ADDI
ADDI
BNE
SW
ADDI
ADDI
BNE
SW
ADDI
ADDI
BNE
SW
ADDI
ADDI
BNE
SW
ADDI
ADDI
BNE
SW
ADDI
ADDI
BNE
SW
ADDI
ADDI
BNE
SW
ADDI
ADDI
BNE
SW
ADDI
ADDI
BNE
SW
ADDI
ADDI
BNE
ADDI
ADDI
BNE
ADDI
ADDI
SW
ADDI
ADDI
BNE
SW
ADDI
ADDI
BNE
SW
ADDI
ADDI
BNE
SW
ADDI
ADDI
BNE
SW
ADDI
ADDI
BNE
SW
ADDI
ADDI
BNE
SW
ADDI
ADDI
BNE
SW
ADDI
ADDI
BNE
SW
ADDI
ADDI
BNE
SW
ADDI
ADDI
BNE
ADDI
ADDI
BNE
LUI
SW
LUI
LUI
ADDI
ADDI
ADDI
ADDI
SW
ADDI
LW
SLLI
ADD
SLLI
SUB
ADD
SLLI
ADD
LW
JAL
LUI
LW
XOR
ADDI
SW
JALR
LW
ADDI
SW
BGE
LW
SLLI
ADD
SLLI
SUB
ADD
SLLI
ADD
LW
JAL
LUI
LW
XOR
ADDI
SW
JALR
LW
ADDI
SW
BGE
LW
SLLI
ADD
SLLI
SUB
ADD
SLLI
ADD
LW
JAL
LUI
LW
XOR
ADDI
SW
JALR
LW
ADDI
SW
BGE
LW
SLLI
ADD
SLLI
SUB
ADD
SLLI
ADD
LW
JAL
LUI
LW
XOR
ADDI
SW
JALR
LW
ADDI
SW
BGE
LW
SLLI
ADD
SLLI
SUB
ADD
SLLI
ADD
LW
JAL
LUI
LW
XOR
ADDI
SW
JALR
LW
ADDI
SW
BGE
LW
SLLI
ADD
SLLI
SUB
ADD
SLLI
ADD
LW
JAL
LUI
LW
XOR
ADDI
SW
JALR
LW
ADDI
SW
BGE
LW
SLLI
ADD
SLLI
SUB
ADD
SLLI
ADD
LW
JAL
LUI
LW
XOR
ADDI
SW
JALR
LW
ADDI
SW
BGE
LW
SLLI
ADD
SLLI
SUB
ADD
SLLI
ADD
LW
JAL
LUI
LW
XOR
ADDI
SW
JALR
LW
ADDI
SW
BGE
LW
SLLI
ADD
SLLI
SUB
ADD
SLLI
ADD
LW
JAL
LUI
LW
XOR
ADDI
SW
JALR
LW
ADDI
SW
BGE
LW
SLLI
ADD
SLLI
SUB
ADD
SLLI
ADD
LW
JAL
LUI
LW
XOR
ADDI
SW
JALR
LW
ADDI
SW
BGE
LW
ADDI
SW
BGE
SW
ADDI
LW
SLLI
ADD
SLLI
SUB
ADD
SLLI
ADD
LW
JAL
LUI
LW
XOR
ADDI
SW
JALR
LW
ADDI
SW
BGE
LW
SLLI
ADD
SLLI
SUB
ADD
SLLI
ADD
LW
JAL
LUI
LW
XOR
ADDI
SW
JALR
LW
ADDI
SW
BGE
LW
SLLI
ADD
SLLI
SUB
ADD
SLLI
ADD
LW
JAL
LUI
LW
XOR
ADDI
SW
JALR
LW
ADDI
SW
BGE
LW
SLLI
ADD
SLLI
SUB
ADD
SLLI
ADD
LW
JAL
LUI
LW
XOR
ADDI
SW
JALR
LW
ADDI
SW
BGE
LW
SLLI
ADD
SLLI
SUB
ADD
SLLI
ADD
LW
JAL
LUI
LW
XOR
ADDI
SW
JALR
LW
ADDI
SW
BGE
LW
SLLI
ADD
SLLI
SUB
ADD
SLLI
ADD
LW
JAL
LUI
LW
XOR
ADDI
SW
JALR
LW
ADDI
SW
BGE
LW
SLLI
ADD
SLLI
SUB
ADD
SLLI
ADD
LW
JAL
LUI
LW
XOR
ADDI
SW
JALR
LW
ADDI
SW
BGE
LW
SLLI
ADD
SLLI
SUB
ADD
SLLI
ADD
LW
JAL
LUI
LW
XOR
ADDI
SW
JALR
LW
ADDI
SW
BGE
LW
SLLI
ADD
SLLI
SUB
ADD
SLLI
ADD
LW
JAL
LUI
LW
XOR
ADDI
SW
JALR
LW
ADDI
SW
BGE
LW
SLLI
ADD
SLLI
SUB
ADD
SLLI
ADD
LW
JAL
LUI
LW
XOR
ADDI
SW
JALR
LW
ADDI
SW
BGE
LW
ADDI
SW
BGE
SW
ADDI
LW
SLLI
ADD
SLLI
SUB
ADD
SLLI
ADD
LW
JAL
LUI
LW
XOR
ADDI
SW
JALR
LW
ADDI
SW
BGE
LW
SLLI
ADD
SLLI
SUB
ADD
SLLI
ADD
LW
JAL
LUI
LW
XOR
ADDI
SW
JALR
LW
ADDI
SW
BGE
LW
SLLI
ADD
SLLI
SUB
ADD
SLLI
ADD
LW
JAL
LUI
LW
XOR
ADDI
SW
JALR
LW
ADDI
SW
BGE
LW
SLLI
ADD
SLLI
SUB
ADD
SLLI
ADD
LW
JAL
LUI
LW
XOR
ADDI
SW
JALR
LW
ADDI
SW
BGE
LW
SLLI
ADD
SLLI
SUB
ADD
SLLI
ADD
LW
JAL
LUI
LW
XOR
ADDI
SW
JALR
LW
ADDI
SW
BGE
LW
SLLI
ADD
SLLI
SUB
ADD
SLLI
ADD
LW
JAL
LUI
LW
XOR
ADDI
SW
JALR
LW
ADDI
SW
BGE
LW
SLLI
ADD
SLLI
SUB
ADD
SLLI
ADD
LW
JAL
LUI
LW
XOR
ADDI
SW
JALR
LW
ADDI
SW
BGE
LW
SLLI
ADD
SLLI
SUB
ADD
SLLI
ADD
LW
JAL
LUI
LW
XOR
ADDI
SW
JALR
LW
ADDI
SW
BGE
LW
SLLI
ADD
SLLI
SUB
ADD
SLLI
ADD
LW
JAL
LUI
LW
XOR
ADDI
SW
JALR
LW
ADDI
SW
BGE
LW
SLLI
ADD
SLLI
SUB
ADD
SLLI
ADD
LW
JAL
LUI
LW
XOR
ADDI
SW
JALR
LW
ADDI
SW
BGE
LW
ADDI
SW
BGE
SW
ADDI
LW
SLLI
ADD
SLLI
SUB
ADD
SLLI
ADD
LW
JAL
LUI
LW
XOR
ADDI
SW
JALR
LW
ADDI
SW
BGE
LW
SLLI
ADD
SLLI
SUB
ADD
SLLI
ADD
LW
JAL
LUI
LW
XOR
ADDI
SW
JALR
LW
ADDI
SW
BGE
LW
SLLI
ADD
SLLI
SUB
ADD
SLLI
ADD
LW
JAL
LUI
LW
XOR
ADDI
SW
JALR
LW
ADDI
SW
BGE
LW
SLLI
ADD
SLLI
SUB
ADD
SLLI
ADD
LW
JAL
LUI
LW
XOR
ADDI
SW
JALR
LW
ADDI
SW
BGE
LW
SLLI
ADD
SLLI
SUB
ADD
SLLI
ADD
LW
JAL
LUI
LW
XOR
ADDI
SW
JALR
LW
ADDI
SW
BGE
LW
SLLI
ADD
SLLI
SUB
ADD
SLLI
ADD
LW
JAL
LUI
LW
XOR
ADDI
SW
JALR
LW
ADDI
SW
BGE
LW
SLLI
ADD
SLLI
SUB
ADD
SLLI
ADD
LW
JAL
LUI
LW
XOR
ADDI
SW
JALR
LW
ADDI
SW
BGE
LW
SLLI
ADD
SLLI
SUB
ADD
SLLI
ADD
LW
JAL
LUI
LW
XOR
ADDI
SW
JALR
LW
ADDI
SW
BGE
LW
SLLI
ADD
SLLI
SUB
ADD
SLLI
ADD
LW
JAL
LUI
LW
XOR
ADDI
SW
JALR
LW
ADDI
SW
BGE
LW
SLLI
ADD
SLLI
SUB
ADD
SLLI
ADD
LW
JAL
LUI
LW
XOR
ADDI
SW
JALR
LW
ADDI
SW
BGE
LW
ADDI
SW
BGE
LUI
ADDI
SW
ADDI
JAL
LUI
LW
XOR
ADDI
SW
JALR
LUI
ADDI
ADDI
SW
LW
SLLI
ADD
ADDI
SW
LW
JAL
LUI
LW
XOR
ADDI
SW
JALR
LW
JAL
LUI
LW
XOR
ADDI
SW
JALR
ADDI
LUI
LW
JAL
ADDI
BLT
BLT
JAL
ADDI
ADDI
ADDI
BEQ
ADDI
BGEU
BGE
SLLI
SLLI
BLTU
506 8211
BGE
SLLI
SLLI
BLTU
1012 8211
BGE
SLLI
SLLI
BLTU
2024 8211
BGE
SLLI
SLLI
BLTU
4048 8211
BGE
SLLI
SLLI
BLTU
8096 8211
BGE
SLLI
SLLI
BLTU
16192 8211
ADDI
BLTU
8211 16192
SRLI
SRLI
BNE
BLTU
8211 8096
SUB
OR
SRLI
SRLI
BNE
BLTU
115 4048
SRLI
SRLI
BNE
BLTU
115 2024
SRLI
SRLI
BNE
BLTU
115 1012
SRLI
SRLI
BNE
BLTU
115 506
SRLI
SRLI
BNE
BLTU
115 253
SRLI
SRLI
BNE
JALR
ADDI
JALR
LW
LW
LW
LW
LW
LW
ADDI
JALR
ADDI
115
